<?xml version="1.0" encoding="UTF-8"?>
<!-- Generated by org.testng.reporters.JUnitXMLReporter -->
<testsuite hostname="DIVYAANSH" ignored="0" tests="5" failures="0" timestamp="2021-04-04T21:09:40 IST" time="12.986" errors="0">
  <testcase name="clickOnlogin" time="0.182" classname="ExtentReport"/>
  <testcase name="Number" time="0.128" classname="ExtentReport"/>
  <testcase name="ContinueButton" time="0.164" classname="ExtentReport"/>
  <testcase name="PassCode" time="0.964" classname="ExtentReport"/>
  <testcase name="LogIn" time="0.126" classname="ExtentReport"/>
</testsuite>
