<?xml version="1.0" encoding="UTF-8"?>
<testng-results skipped="0" failed="0" ignored="0" total="5" passed="5">
  <reporter-output>
  </reporter-output>
  <suite name="Default suite" duration-ms="12986" started-at="2021-04-04T21:09:27 IST" finished-at="2021-04-04T21:09:40 IST">
    <groups>
    </groups>
    <test name="Default test" duration-ms="12986" started-at="2021-04-04T21:09:27 IST" finished-at="2021-04-04T21:09:40 IST">
      <class name="ExtentReport">
        <test-method status="PASS" signature="launchBrowser()[pri:0, instance:ExtentReport@4f063c0a]" name="launchBrowser" is-config="true" duration-ms="9553" started-at="2021-04-04T21:09:27 IST" finished-at="2021-04-04T21:09:36 IST">
          <reporter-output>
          </reporter-output>
        </test-method> <!-- launchBrowser -->
        <test-method status="PASS" signature="initializeReport()[pri:0, instance:ExtentReport@4f063c0a]" name="initializeReport" is-config="true" duration-ms="692" started-at="2021-04-04T21:09:36 IST" finished-at="2021-04-04T21:09:37 IST">
          <reporter-output>
          </reporter-output>
        </test-method> <!-- initializeReport -->
        <test-method status="PASS" signature="startReport(java.lang.reflect.Method)[pri:0, instance:ExtentReport@4f063c0a]" name="startReport" is-config="true" duration-ms="4" started-at="2021-04-04T21:09:37 IST" finished-at="2021-04-04T21:09:37 IST">
          <params>
            <param index="0">
              <value>
                <![CDATA[public void ExtentReport.clickOnlogin()]]>
              </value>
            </param>
          </params>
          <reporter-output>
          </reporter-output>
        </test-method> <!-- startReport -->
        <test-method status="PASS" signature="clickOnlogin()[pri:0, instance:ExtentReport@4f063c0a]" name="clickOnlogin" duration-ms="182" started-at="2021-04-04T21:09:37 IST" finished-at="2021-04-04T21:09:37 IST">
          <reporter-output>
          </reporter-output>
        </test-method> <!-- clickOnlogin -->
        <test-method status="PASS" signature="startReport(java.lang.reflect.Method)[pri:0, instance:ExtentReport@4f063c0a]" name="startReport" is-config="true" duration-ms="0" started-at="2021-04-04T21:09:37 IST" finished-at="2021-04-04T21:09:37 IST">
          <params>
            <param index="0">
              <value>
                <![CDATA[public void ExtentReport.Number()]]>
              </value>
            </param>
          </params>
          <reporter-output>
          </reporter-output>
        </test-method> <!-- startReport -->
        <test-method status="PASS" signature="Number()[pri:1, instance:ExtentReport@4f063c0a]" name="Number" duration-ms="128" started-at="2021-04-04T21:09:37 IST" finished-at="2021-04-04T21:09:37 IST">
          <reporter-output>
          </reporter-output>
        </test-method> <!-- Number -->
        <test-method status="PASS" signature="startReport(java.lang.reflect.Method)[pri:0, instance:ExtentReport@4f063c0a]" name="startReport" is-config="true" duration-ms="0" started-at="2021-04-04T21:09:37 IST" finished-at="2021-04-04T21:09:37 IST">
          <params>
            <param index="0">
              <value>
                <![CDATA[public void ExtentReport.ContinueButton()]]>
              </value>
            </param>
          </params>
          <reporter-output>
          </reporter-output>
        </test-method> <!-- startReport -->
        <test-method status="PASS" signature="ContinueButton()[pri:2, instance:ExtentReport@4f063c0a]" name="ContinueButton" duration-ms="164" started-at="2021-04-04T21:09:37 IST" finished-at="2021-04-04T21:09:37 IST">
          <reporter-output>
          </reporter-output>
        </test-method> <!-- ContinueButton -->
        <test-method status="PASS" signature="PassCode()[pri:3, instance:ExtentReport@4f063c0a]" name="PassCode" duration-ms="964" started-at="2021-04-04T21:09:37 IST" finished-at="2021-04-04T21:09:38 IST">
          <reporter-output>
          </reporter-output>
        </test-method> <!-- PassCode -->
        <test-method status="PASS" signature="startReport(java.lang.reflect.Method)[pri:0, instance:ExtentReport@4f063c0a]" name="startReport" is-config="true" duration-ms="0" started-at="2021-04-04T21:09:37 IST" finished-at="2021-04-04T21:09:37 IST">
          <params>
            <param index="0">
              <value>
                <![CDATA[public void ExtentReport.PassCode()]]>
              </value>
            </param>
          </params>
          <reporter-output>
          </reporter-output>
        </test-method> <!-- startReport -->
        <test-method status="PASS" signature="startReport(java.lang.reflect.Method)[pri:0, instance:ExtentReport@4f063c0a]" name="startReport" is-config="true" duration-ms="1" started-at="2021-04-04T21:09:38 IST" finished-at="2021-04-04T21:09:38 IST">
          <params>
            <param index="0">
              <value>
                <![CDATA[public void ExtentReport.LogIn()]]>
              </value>
            </param>
          </params>
          <reporter-output>
          </reporter-output>
        </test-method> <!-- startReport -->
        <test-method status="PASS" signature="LogIn()[pri:4, instance:ExtentReport@4f063c0a]" name="LogIn" duration-ms="126" started-at="2021-04-04T21:09:38 IST" finished-at="2021-04-04T21:09:38 IST">
          <reporter-output>
          </reporter-output>
        </test-method> <!-- LogIn -->
        <test-method status="PASS" signature="endTest()[pri:0, instance:ExtentReport@4f063c0a]" name="endTest" is-config="true" duration-ms="1120" started-at="2021-04-04T21:09:38 IST" finished-at="2021-04-04T21:09:40 IST">
          <reporter-output>
          </reporter-output>
        </test-method> <!-- endTest -->
      </class> <!-- ExtentReport -->
    </test> <!-- Default test -->
  </suite> <!-- Default suite -->
</testng-results>
